{"uuid":"8aa5466a-e854-4c80-b6bc-1ce5722b9c37","historyId":"a865be08fb86bc91eec2f192e0942eb5","fullName":"tests.LoginTest.login_with_invalid_credentials","labels":[{"name":"package","value":"tests.LoginTest"},{"name":"testClass","value":"tests.LoginTest"},{"name":"testMethod","value":"login_with_invalid_credentials"},{"name":"parentSuite","value":"Default Suite"},{"name":"suite","value":"OrangeHRM_Automation"},{"name":"subSuite","value":"tests.LoginTest"},{"name":"host","value":"DESKTOP-20B5O0M"},{"name":"thread","value":"26456@DESKTOP-20B5O0M.main(1)"},{"name":"framework","value":"testng"},{"name":"language","value":"java"}],"links":[],"name":"Invalid login should show error","status":"skipped","statusDetails":{"known":false,"muted":false,"flaky":false,"message":"Unable to provision, see the following errors:\n\n1) [Guice/ErrorInjectingConstructor]: IllegalArgumentException: Json field by json-path /timeouts/timeoutCommand was not found in the file {\r\n  \"browserName\": \"chrome\",\r\n  \"isRemote\": false,\r\n  \"remoteConnectionUrl\": \"http://localhost:4444/wd/hub\",\r\n  \"timeouts\": {\r\n    \"timeoutImplicit\": 0,\r\n    \"timeoutCondition\": 10,\r\n    \"timeoutScript\": 10,\r\n    \"timeoutPageLoad\": 30,\r\n    \"timeoutPollingInterval\": 200\r\n  },\r\n  \"retry\": { \"number\": 1, \"pollingInterval\": 300 },\r\n  \"logger\": { \"language\": \"en\", \"isLogEnabled\": true, \"logPageSource\": false }\r\n}\n  at TimeoutConfiguration.<init>(TimeoutConfiguration.java:17)\n  while locating TimeoutConfiguration\n  at AqualityModule.configure(AqualityModule.java:45)\n  at ConditionalWait.<init>(ConditionalWait.java:25)\n      \\_ for 2nd parameter\n  while locating ConditionalWait\n  while locating IConditionalWait\n\nLearn more:\n  https://github.com/google/guice/wiki/ERROR_INJECTING_CONSTRUCTOR\n\n1 error\n\n======================\nFull classname legend:\n======================\nAqualityModule:           \"aquality.selenium.core.applications.AqualityModule\"\nConditionalWait:          \"aquality.selenium.core.waitings.ConditionalWait\"\nIConditionalWait:         \"aquality.selenium.core.waitings.IConditionalWait\"\nTimeoutConfiguration:     \"aquality.selenium.configuration.TimeoutConfiguration\"\n========================\nEnd of classname legend:\n========================\n","trace":"com.google.inject.ProvisionException: Unable to provision, see the following errors:\n\n1) [Guice/ErrorInjectingConstructor]: IllegalArgumentException: Json field by json-path /timeouts/timeoutCommand was not found in the file {\r\n  \"browserName\": \"chrome\",\r\n  \"isRemote\": false,\r\n  \"remoteConnectionUrl\": \"http://localhost:4444/wd/hub\",\r\n  \"timeouts\": {\r\n    \"timeoutImplicit\": 0,\r\n    \"timeoutCondition\": 10,\r\n    \"timeoutScript\": 10,\r\n    \"timeoutPageLoad\": 30,\r\n    \"timeoutPollingInterval\": 200\r\n  },\r\n  \"retry\": { \"number\": 1, \"pollingInterval\": 300 },\r\n  \"logger\": { \"language\": \"en\", \"isLogEnabled\": true, \"logPageSource\": false }\r\n}\n  at TimeoutConfiguration.<init>(TimeoutConfiguration.java:17)\n  while locating TimeoutConfiguration\n  at AqualityModule.configure(AqualityModule.java:45)\n  at ConditionalWait.<init>(ConditionalWait.java:25)\n      \\_ for 2nd parameter\n  while locating ConditionalWait\n  while locating IConditionalWait\n\nLearn more:\n  https://github.com/google/guice/wiki/ERROR_INJECTING_CONSTRUCTOR\n\n1 error\n\n======================\nFull classname legend:\n======================\nAqualityModule:           \"aquality.selenium.core.applications.AqualityModule\"\nConditionalWait:          \"aquality.selenium.core.waitings.ConditionalWait\"\nIConditionalWait:         \"aquality.selenium.core.waitings.IConditionalWait\"\nTimeoutConfiguration:     \"aquality.selenium.configuration.TimeoutConfiguration\"\n========================\nEnd of classname legend:\n========================\n\r\n\tat com.google.inject.internal.InternalProvisionException.toProvisionException(InternalProvisionException.java:251)\r\n\tat com.google.inject.internal.InjectorImpl$1.get(InjectorImpl.java:1151)\r\n\tat com.google.inject.internal.InjectorImpl.getInstance(InjectorImpl.java:1186)\r\n\tat aquality.selenium.browser.AqualityServices.get(AqualityServices.java:59)\r\n\tat aquality.selenium.browser.AqualityServices.getConditionalWait(AqualityServices.java:147)\r\n\tat aquality.selenium.browser.Browser.<init>(Browser.java:40)\r\n\tat aquality.selenium.browser.BrowserFactory.getBrowser(BrowserFactory.java:38)\r\n\tat aquality.selenium.browser.AqualityServices.startBrowser(AqualityServices.java:99)\r\n\tat aquality.selenium.browser.AqualityServices.lambda$getBrowser$2(AqualityServices.java:38)\r\n\tat aquality.selenium.core.applications.AqualityServices.getApp(AqualityServices.java:48)\r\n\tat aquality.selenium.browser.AqualityServices.getBrowser(AqualityServices.java:38)\r\n\tat base.BaseTest.setUp(BaseTest.java:16)\r\n\tat java.base/jdk.internal.reflect.NativeMethodAccessorImpl.invoke0(Native Method)\r\n\tat java.base/jdk.internal.reflect.NativeMethodAccessorImpl.invoke(NativeMethodAccessorImpl.java:77)\r\n\tat java.base/jdk.internal.reflect.DelegatingMethodAccessorImpl.invoke(DelegatingMethodAccessorImpl.java:43)\r\n\tat java.base/java.lang.reflect.Method.invoke(Method.java:569)\r\n\tat org.testng.internal.invokers.MethodInvocationHelper.invokeMethod(MethodInvocationHelper.java:141)\r\n\tat org.testng.internal.invokers.MethodInvocationHelper.invokeMethodConsideringTimeout(MethodInvocationHelper.java:71)\r\n\tat org.testng.internal.invokers.ConfigInvoker.invokeConfigurationMethod(ConfigInvoker.java:400)\r\n\tat org.testng.internal.invokers.ConfigInvoker.invokeConfigurations(ConfigInvoker.java:333)\r\n\tat org.testng.internal.invokers.TestMethodWorker.invokeBeforeClassMethods(TestMethodWorker.java:188)\r\n\tat org.testng.internal.invokers.TestMethodWorker.run(TestMethodWorker.java:128)\r\n\tat java.base/java.util.ArrayList.forEach(ArrayList.java:1511)\r\n\tat org.testng.TestRunner.privateRun(TestRunner.java:741)\r\n\tat org.testng.TestRunner.run(TestRunner.java:616)\r\n\tat org.testng.SuiteRunner.runTest(SuiteRunner.java:421)\r\n\tat org.testng.SuiteRunner.runSequentially(SuiteRunner.java:413)\r\n\tat org.testng.SuiteRunner.privateRun(SuiteRunner.java:373)\r\n\tat org.testng.SuiteRunner.run(SuiteRunner.java:312)\r\n\tat org.testng.SuiteRunnerWorker.runSuite(SuiteRunnerWorker.java:52)\r\n\tat org.testng.SuiteRunnerWorker.run(SuiteRunnerWorker.java:95)\r\n\tat org.testng.TestNG.runSuitesSequentially(TestNG.java:1274)\r\n\tat org.testng.TestNG.runSuitesLocally(TestNG.java:1208)\r\n\tat org.testng.TestNG.runSuites(TestNG.java:1112)\r\n\tat org.testng.TestNG.run(TestNG.java:1079)\r\n\tat com.intellij.rt.testng.IDEARemoteTestNG.run(IDEARemoteTestNG.java:65)\r\n\tat com.intellij.rt.testng.RemoteTestNGStarter.main(RemoteTestNGStarter.java:105)\r\nCaused by: java.lang.IllegalArgumentException: Json field by json-path /timeouts/timeoutCommand was not found in the file {\r\n  \"browserName\": \"chrome\",\r\n  \"isRemote\": false,\r\n  \"remoteConnectionUrl\": \"http://localhost:4444/wd/hub\",\r\n  \"timeouts\": {\r\n    \"timeoutImplicit\": 0,\r\n    \"timeoutCondition\": 10,\r\n    \"timeoutScript\": 10,\r\n    \"timeoutPageLoad\": 30,\r\n    \"timeoutPollingInterval\": 200\r\n  },\r\n  \"retry\": { \"number\": 1, \"pollingInterval\": 300 },\r\n  \"logger\": { \"language\": \"en\", \"isLogEnabled\": true, \"logPageSource\": false }\r\n}\r\n\tat aquality.selenium.core.utilities.JsonSettingsFile.getJsonNode(JsonSettingsFile.java:114)\r\n\tat aquality.selenium.core.utilities.JsonSettingsFile.getEnvValueOrDefault(JsonSettingsFile.java:38)\r\n\tat aquality.selenium.core.utilities.JsonSettingsFile.getValue(JsonSettingsFile.java:33)\r\n\tat aquality.selenium.core.configurations.TimeoutConfiguration.getTimeout(TimeoutConfiguration.java:26)\r\n\tat aquality.selenium.core.configurations.TimeoutConfiguration.getDurationFromSeconds(TimeoutConfiguration.java:30)\r\n\tat aquality.selenium.core.configurations.TimeoutConfiguration.<init>(TimeoutConfiguration.java:22)\r\n\tat aquality.selenium.configuration.TimeoutConfiguration.<init>(TimeoutConfiguration.java:17)\r\n\tat aquality.selenium.configuration.TimeoutConfiguration$$FastClassByGuice$$1a4fe3.GUICE$TRAMPOLINE(<generated>)\r\n\tat aquality.selenium.configuration.TimeoutConfiguration$$FastClassByGuice$$1a4fe3.apply(<generated>)\r\n\tat com.google.inject.internal.DefaultConstructionProxyFactory$FastClassProxy.newInstance(DefaultConstructionProxyFactory.java:82)\r\n\tat com.google.inject.internal.ConstructorInjector.provision(ConstructorInjector.java:114)\r\n\tat com.google.inject.internal.ConstructorInjector.construct(ConstructorInjector.java:91)\r\n\tat com.google.inject.internal.ConstructorBindingImpl$Factory.get(ConstructorBindingImpl.java:300)\r\n\tat com.google.inject.internal.FactoryProxy.get(FactoryProxy.java:60)\r\n\tat com.google.inject.internal.ProviderToInternalFactoryAdapter.get(ProviderToInternalFactoryAdapter.java:40)\r\n\tat com.google.inject.internal.SingletonScope$1.get(SingletonScope.java:169)\r\n\tat com.google.inject.internal.InternalFactoryToProviderAdapter.get(InternalFactoryToProviderAdapter.java:45)\r\n\tat com.google.inject.internal.SingleParameterInjector.inject(SingleParameterInjector.java:40)\r\n\tat com.google.inject.internal.SingleParameterInjector.getAll(SingleParameterInjector.java:60)\r\n\tat com.google.inject.internal.ConstructorInjector.provision(ConstructorInjector.java:113)\r\n\tat com.google.inject.internal.ConstructorInjector.construct(ConstructorInjector.java:91)\r\n\tat com.google.inject.internal.ConstructorBindingImpl$Factory.get(ConstructorBindingImpl.java:300)\r\n\tat com.google.inject.internal.FactoryProxy.get(FactoryProxy.java:60)\r\n\tat com.google.inject.internal.InjectorImpl$1.get(InjectorImpl.java:1148)\r\n\t... 35 more\r\n"},"stage":"finished","steps":[],"attachments":[],"parameters":[],"start":1757582898354,"stop":1757582898357}