{"uuid":"9b9d512b-8f92-438c-b37d-3497b6793088","historyId":"a865be08fb86bc91eec2f192e0942eb5","fullName":"tests.LoginTest.login_with_invalid_credentials","labels":[{"name":"package","value":"tests.LoginTest"},{"name":"testClass","value":"tests.LoginTest"},{"name":"testMethod","value":"login_with_invalid_credentials"},{"name":"parentSuite","value":"Default Suite"},{"name":"suite","value":"OrangeHRM_Automation"},{"name":"subSuite","value":"tests.LoginTest"},{"name":"host","value":"DESKTOP-20B5O0M"},{"name":"thread","value":"30680@DESKTOP-20B5O0M.main(1)"},{"name":"framework","value":"testng"},{"name":"language","value":"java"}],"links":[],"name":"Invalid login should show error","status":"broken","statusDetails":{"known":false,"muted":false,"flaky":false,"message":"Json field by json-path /isElementHighlightEnabled was not found in the file {\r\n  \"browserName\": \"chrome\",\r\n  \"isRemote\": false,\r\n  \"remoteConnectionUrl\": \"http://localhost:4444/wd/hub\",\r\n  \"timeouts\": {\r\n    \"timeoutImplicit\": 0,\r\n    \"timeoutCondition\": 10,\r\n    \"timeoutScript\": 10,\r\n    \"timeoutPageLoad\": 30,\r\n    \"timeoutCommand\": 30,\r\n    \"timeoutPollingInterval\": 200\r\n  },\r\n  \"retry\": { \"number\": 1, \"pollingInterval\": 300 },\r\n  \"logger\": { \"language\": \"en\", \"isLogEnabled\": true, \"logPageSource\": false }\r\n}","trace":"java.lang.IllegalArgumentException: Json field by json-path /isElementHighlightEnabled was not found in the file {\r\n  \"browserName\": \"chrome\",\r\n  \"isRemote\": false,\r\n  \"remoteConnectionUrl\": \"http://localhost:4444/wd/hub\",\r\n  \"timeouts\": {\r\n    \"timeoutImplicit\": 0,\r\n    \"timeoutCondition\": 10,\r\n    \"timeoutScript\": 10,\r\n    \"timeoutPageLoad\": 30,\r\n    \"timeoutCommand\": 30,\r\n    \"timeoutPollingInterval\": 200\r\n  },\r\n  \"retry\": { \"number\": 1, \"pollingInterval\": 300 },\r\n  \"logger\": { \"language\": \"en\", \"isLogEnabled\": true, \"logPageSource\": false }\r\n}\r\n\tat aquality.selenium.core.utilities.JsonSettingsFile.getJsonNode(JsonSettingsFile.java:114)\r\n\tat aquality.selenium.core.utilities.JsonSettingsFile.getEnvValueOrDefault(JsonSettingsFile.java:38)\r\n\tat aquality.selenium.core.utilities.JsonSettingsFile.getValue(JsonSettingsFile.java:33)\r\n\tat aquality.selenium.configuration.BrowserProfile.isElementHighlightEnabled(BrowserProfile.java:33)\r\n\tat aquality.selenium.elements.actions.JsActions.highlightElement(JsActions.java:74)\r\n\tat aquality.selenium.elements.actions.JsActions.highlightElement(JsActions.java:67)\r\n\tat aquality.selenium.elements.TextBox.clearAndType(TextBox.java:96)\r\n\tat aquality.selenium.elements.TextBox.clearAndType(TextBox.java:41)\r\n\tat base.BasePage.type(BasePage.java:35)\r\n\tat pages.LoginPage.enterUsername(LoginPage.java:22)\r\n\tat pages.LoginPage.loginAs(LoginPage.java:39)\r\n\tat tests.LoginTest.login_with_invalid_credentials(LoginTest.java:27)\r\n\tat java.base/jdk.internal.reflect.NativeMethodAccessorImpl.invoke0(Native Method)\r\n\tat java.base/jdk.internal.reflect.NativeMethodAccessorImpl.invoke(NativeMethodAccessorImpl.java:77)\r\n\tat java.base/jdk.internal.reflect.DelegatingMethodAccessorImpl.invoke(DelegatingMethodAccessorImpl.java:43)\r\n\tat java.base/java.lang.reflect.Method.invoke(Method.java:569)\r\n\tat org.testng.internal.invokers.MethodInvocationHelper.invokeMethod(MethodInvocationHelper.java:141)\r\n\tat org.testng.internal.invokers.TestInvoker.invokeMethod(TestInvoker.java:687)\r\n\tat org.testng.internal.invokers.TestInvoker.invokeTestMethod(TestInvoker.java:230)\r\n\tat org.testng.internal.invokers.MethodRunner.runInSequence(MethodRunner.java:63)\r\n\tat org.testng.internal.invokers.TestInvoker$MethodInvocationAgent.invoke(TestInvoker.java:995)\r\n\tat org.testng.internal.invokers.TestInvoker.invokeTestMethods(TestInvoker.java:203)\r\n\tat org.testng.internal.invokers.TestMethodWorker.invokeTestMethods(TestMethodWorker.java:154)\r\n\tat org.testng.internal.invokers.TestMethodWorker.run(TestMethodWorker.java:134)\r\n\tat java.base/java.util.ArrayList.forEach(ArrayList.java:1511)\r\n\tat org.testng.TestRunner.privateRun(TestRunner.java:741)\r\n\tat org.testng.TestRunner.run(TestRunner.java:616)\r\n\tat org.testng.SuiteRunner.runTest(SuiteRunner.java:421)\r\n\tat org.testng.SuiteRunner.runSequentially(SuiteRunner.java:413)\r\n\tat org.testng.SuiteRunner.privateRun(SuiteRunner.java:373)\r\n\tat org.testng.SuiteRunner.run(SuiteRunner.java:312)\r\n\tat org.testng.SuiteRunnerWorker.runSuite(SuiteRunnerWorker.java:52)\r\n\tat org.testng.SuiteRunnerWorker.run(SuiteRunnerWorker.java:95)\r\n\tat org.testng.TestNG.runSuitesSequentially(TestNG.java:1274)\r\n\tat org.testng.TestNG.runSuitesLocally(TestNG.java:1208)\r\n\tat org.testng.TestNG.runSuites(TestNG.java:1112)\r\n\tat org.testng.TestNG.run(TestNG.java:1079)\r\n\tat com.intellij.rt.testng.IDEARemoteTestNG.run(IDEARemoteTestNG.java:65)\r\n\tat com.intellij.rt.testng.RemoteTestNGStarter.main(RemoteTestNGStarter.java:105)\r\n"},"stage":"finished","steps":[{"name":"Wait for page to be open","status":"passed","stage":"finished","steps":[],"attachments":[],"parameters":[],"start":1757583078275,"stop":1757583078729},{"name":"Login as user","status":"broken","statusDetails":{"known":false,"muted":false,"flaky":false,"message":"Json field by json-path /isElementHighlightEnabled was not found in the file {\r\n  \"browserName\": \"chrome\",\r\n  \"isRemote\": false,\r\n  \"remoteConnectionUrl\": \"http://localhost:4444/wd/hub\",\r\n  \"timeouts\": {\r\n    \"timeoutImplicit\": 0,\r\n    \"timeoutCondition\": 10,\r\n    \"timeoutScript\": 10,\r\n    \"timeoutPageLoad\": 30,\r\n    \"timeoutCommand\": 30,\r\n    \"timeoutPollingInterval\": 200\r\n  },\r\n  \"retry\": { \"number\": 1, \"pollingInterval\": 300 },\r\n  \"logger\": { \"language\": \"en\", \"isLogEnabled\": true, \"logPageSource\": false }\r\n}","trace":"java.lang.IllegalArgumentException: Json field by json-path /isElementHighlightEnabled was not found in the file {\r\n  \"browserName\": \"chrome\",\r\n  \"isRemote\": false,\r\n  \"remoteConnectionUrl\": \"http://localhost:4444/wd/hub\",\r\n  \"timeouts\": {\r\n    \"timeoutImplicit\": 0,\r\n    \"timeoutCondition\": 10,\r\n    \"timeoutScript\": 10,\r\n    \"timeoutPageLoad\": 30,\r\n    \"timeoutCommand\": 30,\r\n    \"timeoutPollingInterval\": 200\r\n  },\r\n  \"retry\": { \"number\": 1, \"pollingInterval\": 300 },\r\n  \"logger\": { \"language\": \"en\", \"isLogEnabled\": true, \"logPageSource\": false }\r\n}\r\n\tat aquality.selenium.core.utilities.JsonSettingsFile.getJsonNode(JsonSettingsFile.java:114)\r\n\tat aquality.selenium.core.utilities.JsonSettingsFile.getEnvValueOrDefault(JsonSettingsFile.java:38)\r\n\tat aquality.selenium.core.utilities.JsonSettingsFile.getValue(JsonSettingsFile.java:33)\r\n\tat aquality.selenium.configuration.BrowserProfile.isElementHighlightEnabled(BrowserProfile.java:33)\r\n\tat aquality.selenium.elements.actions.JsActions.highlightElement(JsActions.java:74)\r\n\tat aquality.selenium.elements.actions.JsActions.highlightElement(JsActions.java:67)\r\n\tat aquality.selenium.elements.TextBox.clearAndType(TextBox.java:96)\r\n\tat aquality.selenium.elements.TextBox.clearAndType(TextBox.java:41)\r\n\tat base.BasePage.type(BasePage.java:35)\r\n\tat pages.LoginPage.enterUsername(LoginPage.java:22)\r\n\tat pages.LoginPage.loginAs(LoginPage.java:39)\r\n\tat tests.LoginTest.login_with_invalid_credentials(LoginTest.java:27)\r\n\tat java.base/jdk.internal.reflect.NativeMethodAccessorImpl.invoke0(Native Method)\r\n\tat java.base/jdk.internal.reflect.NativeMethodAccessorImpl.invoke(NativeMethodAccessorImpl.java:77)\r\n\tat java.base/jdk.internal.reflect.DelegatingMethodAccessorImpl.invoke(DelegatingMethodAccessorImpl.java:43)\r\n\tat java.base/java.lang.reflect.Method.invoke(Method.java:569)\r\n\tat org.testng.internal.invokers.MethodInvocationHelper.invokeMethod(MethodInvocationHelper.java:141)\r\n\tat org.testng.internal.invokers.TestInvoker.invokeMethod(TestInvoker.java:687)\r\n\tat org.testng.internal.invokers.TestInvoker.invokeTestMethod(TestInvoker.java:230)\r\n\tat org.testng.internal.invokers.MethodRunner.runInSequence(MethodRunner.java:63)\r\n\tat org.testng.internal.invokers.TestInvoker$MethodInvocationAgent.invoke(TestInvoker.java:995)\r\n\tat org.testng.internal.invokers.TestInvoker.invokeTestMethods(TestInvoker.java:203)\r\n\tat org.testng.internal.invokers.TestMethodWorker.invokeTestMethods(TestMethodWorker.java:154)\r\n\tat org.testng.internal.invokers.TestMethodWorker.run(TestMethodWorker.java:134)\r\n\tat java.base/java.util.ArrayList.forEach(ArrayList.java:1511)\r\n\tat org.testng.TestRunner.privateRun(TestRunner.java:741)\r\n\tat org.testng.TestRunner.run(TestRunner.java:616)\r\n\tat org.testng.SuiteRunner.runTest(SuiteRunner.java:421)\r\n\tat org.testng.SuiteRunner.runSequentially(SuiteRunner.java:413)\r\n\tat org.testng.SuiteRunner.privateRun(SuiteRunner.java:373)\r\n\tat org.testng.SuiteRunner.run(SuiteRunner.java:312)\r\n\tat org.testng.SuiteRunnerWorker.runSuite(SuiteRunnerWorker.java:52)\r\n\tat org.testng.SuiteRunnerWorker.run(SuiteRunnerWorker.java:95)\r\n\tat org.testng.TestNG.runSuitesSequentially(TestNG.java:1274)\r\n\tat org.testng.TestNG.runSuitesLocally(TestNG.java:1208)\r\n\tat org.testng.TestNG.runSuites(TestNG.java:1112)\r\n\tat org.testng.TestNG.run(TestNG.java:1079)\r\n\tat com.intellij.rt.testng.IDEARemoteTestNG.run(IDEARemoteTestNG.java:65)\r\n\tat com.intellij.rt.testng.RemoteTestNGStarter.main(RemoteTestNGStarter.java:105)\r\n"},"stage":"finished","steps":[{"name":"Enter username","status":"broken","statusDetails":{"known":false,"muted":false,"flaky":false,"message":"Json field by json-path /isElementHighlightEnabled was not found in the file {\r\n  \"browserName\": \"chrome\",\r\n  \"isRemote\": false,\r\n  \"remoteConnectionUrl\": \"http://localhost:4444/wd/hub\",\r\n  \"timeouts\": {\r\n    \"timeoutImplicit\": 0,\r\n    \"timeoutCondition\": 10,\r\n    \"timeoutScript\": 10,\r\n    \"timeoutPageLoad\": 30,\r\n    \"timeoutCommand\": 30,\r\n    \"timeoutPollingInterval\": 200\r\n  },\r\n  \"retry\": { \"number\": 1, \"pollingInterval\": 300 },\r\n  \"logger\": { \"language\": \"en\", \"isLogEnabled\": true, \"logPageSource\": false }\r\n}","trace":"java.lang.IllegalArgumentException: Json field by json-path /isElementHighlightEnabled was not found in the file {\r\n  \"browserName\": \"chrome\",\r\n  \"isRemote\": false,\r\n  \"remoteConnectionUrl\": \"http://localhost:4444/wd/hub\",\r\n  \"timeouts\": {\r\n    \"timeoutImplicit\": 0,\r\n    \"timeoutCondition\": 10,\r\n    \"timeoutScript\": 10,\r\n    \"timeoutPageLoad\": 30,\r\n    \"timeoutCommand\": 30,\r\n    \"timeoutPollingInterval\": 200\r\n  },\r\n  \"retry\": { \"number\": 1, \"pollingInterval\": 300 },\r\n  \"logger\": { \"language\": \"en\", \"isLogEnabled\": true, \"logPageSource\": false }\r\n}\r\n\tat aquality.selenium.core.utilities.JsonSettingsFile.getJsonNode(JsonSettingsFile.java:114)\r\n\tat aquality.selenium.core.utilities.JsonSettingsFile.getEnvValueOrDefault(JsonSettingsFile.java:38)\r\n\tat aquality.selenium.core.utilities.JsonSettingsFile.getValue(JsonSettingsFile.java:33)\r\n\tat aquality.selenium.configuration.BrowserProfile.isElementHighlightEnabled(BrowserProfile.java:33)\r\n\tat aquality.selenium.elements.actions.JsActions.highlightElement(JsActions.java:74)\r\n\tat aquality.selenium.elements.actions.JsActions.highlightElement(JsActions.java:67)\r\n\tat aquality.selenium.elements.TextBox.clearAndType(TextBox.java:96)\r\n\tat aquality.selenium.elements.TextBox.clearAndType(TextBox.java:41)\r\n\tat base.BasePage.type(BasePage.java:35)\r\n\tat pages.LoginPage.enterUsername(LoginPage.java:22)\r\n\tat pages.LoginPage.loginAs(LoginPage.java:39)\r\n\tat tests.LoginTest.login_with_invalid_credentials(LoginTest.java:27)\r\n\tat java.base/jdk.internal.reflect.NativeMethodAccessorImpl.invoke0(Native Method)\r\n\tat java.base/jdk.internal.reflect.NativeMethodAccessorImpl.invoke(NativeMethodAccessorImpl.java:77)\r\n\tat java.base/jdk.internal.reflect.DelegatingMethodAccessorImpl.invoke(DelegatingMethodAccessorImpl.java:43)\r\n\tat java.base/java.lang.reflect.Method.invoke(Method.java:569)\r\n\tat org.testng.internal.invokers.MethodInvocationHelper.invokeMethod(MethodInvocationHelper.java:141)\r\n\tat org.testng.internal.invokers.TestInvoker.invokeMethod(TestInvoker.java:687)\r\n\tat org.testng.internal.invokers.TestInvoker.invokeTestMethod(TestInvoker.java:230)\r\n\tat org.testng.internal.invokers.MethodRunner.runInSequence(MethodRunner.java:63)\r\n\tat org.testng.internal.invokers.TestInvoker$MethodInvocationAgent.invoke(TestInvoker.java:995)\r\n\tat org.testng.internal.invokers.TestInvoker.invokeTestMethods(TestInvoker.java:203)\r\n\tat org.testng.internal.invokers.TestMethodWorker.invokeTestMethods(TestMethodWorker.java:154)\r\n\tat org.testng.internal.invokers.TestMethodWorker.run(TestMethodWorker.java:134)\r\n\tat java.base/java.util.ArrayList.forEach(ArrayList.java:1511)\r\n\tat org.testng.TestRunner.privateRun(TestRunner.java:741)\r\n\tat org.testng.TestRunner.run(TestRunner.java:616)\r\n\tat org.testng.SuiteRunner.runTest(SuiteRunner.java:421)\r\n\tat org.testng.SuiteRunner.runSequentially(SuiteRunner.java:413)\r\n\tat org.testng.SuiteRunner.privateRun(SuiteRunner.java:373)\r\n\tat org.testng.SuiteRunner.run(SuiteRunner.java:312)\r\n\tat org.testng.SuiteRunnerWorker.runSuite(SuiteRunnerWorker.java:52)\r\n\tat org.testng.SuiteRunnerWorker.run(SuiteRunnerWorker.java:95)\r\n\tat org.testng.TestNG.runSuitesSequentially(TestNG.java:1274)\r\n\tat org.testng.TestNG.runSuitesLocally(TestNG.java:1208)\r\n\tat org.testng.TestNG.runSuites(TestNG.java:1112)\r\n\tat org.testng.TestNG.run(TestNG.java:1079)\r\n\tat com.intellij.rt.testng.IDEARemoteTestNG.run(IDEARemoteTestNG.java:65)\r\n\tat com.intellij.rt.testng.RemoteTestNGStarter.main(RemoteTestNGStarter.java:105)\r\n"},"stage":"finished","steps":[{"name":"Type into 'Username'","status":"broken","statusDetails":{"known":false,"muted":false,"flaky":false,"message":"Json field by json-path /isElementHighlightEnabled was not found in the file {\r\n  \"browserName\": \"chrome\",\r\n  \"isRemote\": false,\r\n  \"remoteConnectionUrl\": \"http://localhost:4444/wd/hub\",\r\n  \"timeouts\": {\r\n    \"timeoutImplicit\": 0,\r\n    \"timeoutCondition\": 10,\r\n    \"timeoutScript\": 10,\r\n    \"timeoutPageLoad\": 30,\r\n    \"timeoutCommand\": 30,\r\n    \"timeoutPollingInterval\": 200\r\n  },\r\n  \"retry\": { \"number\": 1, \"pollingInterval\": 300 },\r\n  \"logger\": { \"language\": \"en\", \"isLogEnabled\": true, \"logPageSource\": false }\r\n}","trace":"java.lang.IllegalArgumentException: Json field by json-path /isElementHighlightEnabled was not found in the file {\r\n  \"browserName\": \"chrome\",\r\n  \"isRemote\": false,\r\n  \"remoteConnectionUrl\": \"http://localhost:4444/wd/hub\",\r\n  \"timeouts\": {\r\n    \"timeoutImplicit\": 0,\r\n    \"timeoutCondition\": 10,\r\n    \"timeoutScript\": 10,\r\n    \"timeoutPageLoad\": 30,\r\n    \"timeoutCommand\": 30,\r\n    \"timeoutPollingInterval\": 200\r\n  },\r\n  \"retry\": { \"number\": 1, \"pollingInterval\": 300 },\r\n  \"logger\": { \"language\": \"en\", \"isLogEnabled\": true, \"logPageSource\": false }\r\n}\r\n\tat aquality.selenium.core.utilities.JsonSettingsFile.getJsonNode(JsonSettingsFile.java:114)\r\n\tat aquality.selenium.core.utilities.JsonSettingsFile.getEnvValueOrDefault(JsonSettingsFile.java:38)\r\n\tat aquality.selenium.core.utilities.JsonSettingsFile.getValue(JsonSettingsFile.java:33)\r\n\tat aquality.selenium.configuration.BrowserProfile.isElementHighlightEnabled(BrowserProfile.java:33)\r\n\tat aquality.selenium.elements.actions.JsActions.highlightElement(JsActions.java:74)\r\n\tat aquality.selenium.elements.actions.JsActions.highlightElement(JsActions.java:67)\r\n\tat aquality.selenium.elements.TextBox.clearAndType(TextBox.java:96)\r\n\tat aquality.selenium.elements.TextBox.clearAndType(TextBox.java:41)\r\n\tat base.BasePage.type(BasePage.java:35)\r\n\tat pages.LoginPage.enterUsername(LoginPage.java:22)\r\n\tat pages.LoginPage.loginAs(LoginPage.java:39)\r\n\tat tests.LoginTest.login_with_invalid_credentials(LoginTest.java:27)\r\n\tat java.base/jdk.internal.reflect.NativeMethodAccessorImpl.invoke0(Native Method)\r\n\tat java.base/jdk.internal.reflect.NativeMethodAccessorImpl.invoke(NativeMethodAccessorImpl.java:77)\r\n\tat java.base/jdk.internal.reflect.DelegatingMethodAccessorImpl.invoke(DelegatingMethodAccessorImpl.java:43)\r\n\tat java.base/java.lang.reflect.Method.invoke(Method.java:569)\r\n\tat org.testng.internal.invokers.MethodInvocationHelper.invokeMethod(MethodInvocationHelper.java:141)\r\n\tat org.testng.internal.invokers.TestInvoker.invokeMethod(TestInvoker.java:687)\r\n\tat org.testng.internal.invokers.TestInvoker.invokeTestMethod(TestInvoker.java:230)\r\n\tat org.testng.internal.invokers.MethodRunner.runInSequence(MethodRunner.java:63)\r\n\tat org.testng.internal.invokers.TestInvoker$MethodInvocationAgent.invoke(TestInvoker.java:995)\r\n\tat org.testng.internal.invokers.TestInvoker.invokeTestMethods(TestInvoker.java:203)\r\n\tat org.testng.internal.invokers.TestMethodWorker.invokeTestMethods(TestMethodWorker.java:154)\r\n\tat org.testng.internal.invokers.TestMethodWorker.run(TestMethodWorker.java:134)\r\n\tat java.base/java.util.ArrayList.forEach(ArrayList.java:1511)\r\n\tat org.testng.TestRunner.privateRun(TestRunner.java:741)\r\n\tat org.testng.TestRunner.run(TestRunner.java:616)\r\n\tat org.testng.SuiteRunner.runTest(SuiteRunner.java:421)\r\n\tat org.testng.SuiteRunner.runSequentially(SuiteRunner.java:413)\r\n\tat org.testng.SuiteRunner.privateRun(SuiteRunner.java:373)\r\n\tat org.testng.SuiteRunner.run(SuiteRunner.java:312)\r\n\tat org.testng.SuiteRunnerWorker.runSuite(SuiteRunnerWorker.java:52)\r\n\tat org.testng.SuiteRunnerWorker.run(SuiteRunnerWorker.java:95)\r\n\tat org.testng.TestNG.runSuitesSequentially(TestNG.java:1274)\r\n\tat org.testng.TestNG.runSuitesLocally(TestNG.java:1208)\r\n\tat org.testng.TestNG.runSuites(TestNG.java:1112)\r\n\tat org.testng.TestNG.run(TestNG.java:1079)\r\n\tat com.intellij.rt.testng.IDEARemoteTestNG.run(IDEARemoteTestNG.java:65)\r\n\tat com.intellij.rt.testng.RemoteTestNGStarter.main(RemoteTestNGStarter.java:105)\r\n"},"stage":"finished","steps":[],"attachments":[],"parameters":[{"name":"locator","value":"By.name: username"},{"name":"fieldName","value":"Username"},{"name":"value","value":"wrongUser"}],"start":1757583078735,"stop":1757583078743}],"attachments":[],"parameters":[{"name":"username","value":"wrongUser"}],"start":1757583078735,"stop":1757583078743}],"attachments":[],"parameters":[{"name":"username","value":"wrongUser"},{"name":"password","value":"wrongPass"}],"start":1757583078735,"stop":1757583078743}],"attachments":[],"parameters":[],"start":1757583078213,"stop":1757583078746}